#! /usr/local/bin/vvp
:ivl_version "12.0 (stable)";
:ivl_delay_selection "TYPICAL";
:vpi_time_precision + 0;
:vpi_module "/usr/local/lib/ivl/system.vpi";
:vpi_module "/usr/local/lib/ivl/vhdl_sys.vpi";
:vpi_module "/usr/local/lib/ivl/vhdl_textio.vpi";
:vpi_module "/usr/local/lib/ivl/v2005_math.vpi";
:vpi_module "/usr/local/lib/ivl/va_math.vpi";
:vpi_module "/usr/local/lib/ivl/v2009.vpi";
S_0x1c2e0b0 .scope package, "$unit" "$unit" 2 1;
 .timescale 0 0;
S_0x1c0f2b0 .scope module, "testbench" "testbench" 3 3;
 .timescale 0 0;
v0x1c54b20_0 .var "address", 3 0;
v0x1c54c30_0 .var "data_in", 7 0;
v0x1c54cd0_0 .net "data_out", 7 0, L_0x1c58ae0;  1 drivers
v0x1c54da0_0 .net "error_corrected", 0 0, L_0x1c5a0a0;  1 drivers
v0x1c54e70_0 .net "error_detected", 0 0, L_0x1c59f90;  1 drivers
v0x1c54f60_0 .var "read_enable", 0 0;
v0x1c55030_0 .var "write_enable", 0 0;
S_0x1c0dfb0 .scope module, "mem_edac" "MemoryEDAC" 3 11, 4 54 0, S_0x1c0f2b0;
 .timescale 0 0;
    .port_info 0 /INPUT 8 "data_in";
    .port_info 1 /INPUT 4 "address";
    .port_info 2 /INPUT 1 "write_enable";
    .port_info 3 /INPUT 1 "read_enable";
    .port_info 4 /OUTPUT 8 "data_out";
    .port_info 5 /OUTPUT 1 "error_detected";
    .port_info 6 /OUTPUT 1 "error_corrected";
L_0x1c58ae0 .functor BUFZ 8, v0x1c51260_0, C4<00000000>, C4<00000000>, C4<00000000>;
L_0x1c59f90 .functor BUFZ 1, v0x1c514e0_0, C4<0>, C4<0>, C4<0>;
L_0x1c5a0a0 .functor BUFZ 1, v0x1c51420_0, C4<0>, C4<0>, C4<0>;
v0x1c53eb0_0 .net *"_ivl_2", 5 0, L_0x1c59e00;  1 drivers
L_0x7f03bbf97018 .functor BUFT 1, C4<00>, C4<0>, C4<0>, C4<0>;
v0x1c53f90_0 .net *"_ivl_5", 1 0, L_0x7f03bbf97018;  1 drivers
v0x1c54070_0 .net "address", 3 0, v0x1c54b20_0;  1 drivers
v0x1c54130_0 .net "corrected_error", 0 0, v0x1c51420_0;  1 drivers
v0x1c54200_0 .net "data_in", 7 0, v0x1c54c30_0;  1 drivers
v0x1c542a0_0 .net "data_out", 7 0, L_0x1c58ae0;  alias, 1 drivers
v0x1c54360_0 .net "decoded_data", 7 0, v0x1c51260_0;  1 drivers
v0x1c54450_0 .net "detected_error", 0 0, v0x1c514e0_0;  1 drivers
v0x1c54520_0 .net "encoded_data", 11 0, L_0x1c57200;  1 drivers
v0x1c54680_0 .net "error_corrected", 0 0, L_0x1c5a0a0;  alias, 1 drivers
v0x1c54720_0 .net "error_detected", 0 0, L_0x1c59f90;  alias, 1 drivers
v0x1c547c0 .array "memory", 0 15, 11 0;
v0x1c54880_0 .net "read_enable", 0 0, v0x1c54f60_0;  1 drivers
v0x1c54940_0 .net "write_enable", 0 0, v0x1c55030_0;  1 drivers
E_0x1c1ee60 .event posedge, v0x1c54940_0;
L_0x1c59d60 .array/port v0x1c547c0, L_0x1c59e00;
L_0x1c59e00 .concat [ 4 2 0 0], v0x1c54b20_0, L_0x7f03bbf97018;
S_0x1c0c090 .scope module, "decoder" "HammingDecoder" 4 71, 4 20 0, S_0x1c0dfb0;
 .timescale 0 0;
    .port_info 0 /INPUT 12 "encoded_data";
    .port_info 1 /OUTPUT 8 "data_out";
    .port_info 2 /OUTPUT 1 "error_detected";
    .port_info 3 /OUTPUT 1 "error_corrected";
L_0x1c56c10 .functor XOR 1, L_0x1c57150, L_0x1c57630, C4<0>, C4<0>;
L_0x1c57860 .functor XOR 1, L_0x1c56c10, L_0x1c577c0, C4<0>, C4<0>;
L_0x1c57aa0 .functor XOR 1, L_0x1c57860, L_0x1c57970, C4<0>, C4<0>;
L_0x1c57c00 .functor XOR 1, L_0x1c57aa0, L_0x1c57b60, C4<0>, C4<0>;
L_0x1c57db0 .functor XOR 1, L_0x1c57c00, L_0x1c57d10, C4<0>, C4<0>;
L_0x1c58110 .functor XOR 1, L_0x1c57ec0, L_0x1c57f60, C4<0>, C4<0>;
L_0x1c582c0 .functor XOR 1, L_0x1c58110, L_0x1c58220, C4<0>, C4<0>;
L_0x1c58470 .functor XOR 1, L_0x1c582c0, L_0x1c583d0, C4<0>, C4<0>;
L_0x1c58670 .functor XOR 1, L_0x1c58470, L_0x1c585d0, C4<0>, C4<0>;
L_0x1c58890 .functor XOR 1, L_0x1c58670, L_0x1c58780, C4<0>, C4<0>;
L_0x1c58820 .functor XOR 1, L_0x1c589a0, L_0x1c58a40, C4<0>, C4<0>;
L_0x1c58c50 .functor XOR 1, L_0x1c58820, L_0x1c58bb0, C4<0>, C4<0>;
L_0x1c58090 .functor XOR 1, L_0x1c58c50, L_0x1c58dd0, C4<0>, C4<0>;
L_0x1c591c0 .functor XOR 1, L_0x1c58090, L_0x1c59120, C4<0>, C4<0>;
L_0x1c58d60 .functor XOR 1, L_0x1c592d0, L_0x1c59410, C4<0>, C4<0>;
L_0x1c59370 .functor XOR 1, L_0x1c58d60, L_0x1c59500, C4<0>, C4<0>;
L_0x1c59820 .functor XOR 1, L_0x1c59370, L_0x1c59780, C4<0>, C4<0>;
L_0x1c595a0 .functor XOR 1, L_0x1c59820, L_0x1c59930, C4<0>, C4<0>;
v0x1c21450_0 .net *"_ivl_1", 0 0, L_0x1c57150;  1 drivers
v0x1c4f130_0 .net *"_ivl_11", 0 0, L_0x1c57970;  1 drivers
v0x1c4f210_0 .net *"_ivl_12", 0 0, L_0x1c57aa0;  1 drivers
v0x1c4f300_0 .net *"_ivl_15", 0 0, L_0x1c57b60;  1 drivers
v0x1c4f3e0_0 .net *"_ivl_16", 0 0, L_0x1c57c00;  1 drivers
v0x1c4f510_0 .net *"_ivl_19", 0 0, L_0x1c57d10;  1 drivers
v0x1c4f5f0_0 .net *"_ivl_23", 0 0, L_0x1c57ec0;  1 drivers
v0x1c4f6d0_0 .net *"_ivl_25", 0 0, L_0x1c57f60;  1 drivers
v0x1c4f7b0_0 .net *"_ivl_26", 0 0, L_0x1c58110;  1 drivers
v0x1c4f920_0 .net *"_ivl_29", 0 0, L_0x1c58220;  1 drivers
v0x1c4fa00_0 .net *"_ivl_3", 0 0, L_0x1c57630;  1 drivers
v0x1c4fae0_0 .net *"_ivl_30", 0 0, L_0x1c582c0;  1 drivers
v0x1c4fbc0_0 .net *"_ivl_33", 0 0, L_0x1c583d0;  1 drivers
v0x1c4fca0_0 .net *"_ivl_34", 0 0, L_0x1c58470;  1 drivers
v0x1c4fd80_0 .net *"_ivl_37", 0 0, L_0x1c585d0;  1 drivers
v0x1c4fe60_0 .net *"_ivl_38", 0 0, L_0x1c58670;  1 drivers
v0x1c4ff40_0 .net *"_ivl_4", 0 0, L_0x1c56c10;  1 drivers
v0x1c500f0_0 .net *"_ivl_41", 0 0, L_0x1c58780;  1 drivers
v0x1c50190_0 .net *"_ivl_45", 0 0, L_0x1c589a0;  1 drivers
v0x1c50270_0 .net *"_ivl_47", 0 0, L_0x1c58a40;  1 drivers
v0x1c50350_0 .net *"_ivl_48", 0 0, L_0x1c58820;  1 drivers
v0x1c50430_0 .net *"_ivl_51", 0 0, L_0x1c58bb0;  1 drivers
v0x1c50510_0 .net *"_ivl_52", 0 0, L_0x1c58c50;  1 drivers
v0x1c505f0_0 .net *"_ivl_55", 0 0, L_0x1c58dd0;  1 drivers
v0x1c506d0_0 .net *"_ivl_56", 0 0, L_0x1c58090;  1 drivers
v0x1c507b0_0 .net *"_ivl_59", 0 0, L_0x1c59120;  1 drivers
v0x1c50890_0 .net *"_ivl_63", 0 0, L_0x1c592d0;  1 drivers
v0x1c50970_0 .net *"_ivl_65", 0 0, L_0x1c59410;  1 drivers
v0x1c50a50_0 .net *"_ivl_66", 0 0, L_0x1c58d60;  1 drivers
v0x1c50b30_0 .net *"_ivl_69", 0 0, L_0x1c59500;  1 drivers
v0x1c50c10_0 .net *"_ivl_7", 0 0, L_0x1c577c0;  1 drivers
v0x1c50cf0_0 .net *"_ivl_70", 0 0, L_0x1c59370;  1 drivers
v0x1c50dd0_0 .net *"_ivl_73", 0 0, L_0x1c59780;  1 drivers
v0x1c50020_0 .net *"_ivl_74", 0 0, L_0x1c59820;  1 drivers
v0x1c510a0_0 .net *"_ivl_77", 0 0, L_0x1c59930;  1 drivers
v0x1c51180_0 .net *"_ivl_8", 0 0, L_0x1c57860;  1 drivers
v0x1c51260_0 .var "data_out", 7 0;
v0x1c51340_0 .net "encoded_data", 11 0, L_0x1c59d60;  1 drivers
v0x1c51420_0 .var "error_corrected", 0 0;
v0x1c514e0_0 .var "error_detected", 0 0;
v0x1c515a0_0 .net "p1", 0 0, L_0x1c57db0;  1 drivers
v0x1c51660_0 .net "p2", 0 0, L_0x1c58890;  1 drivers
v0x1c51720_0 .net "p4", 0 0, L_0x1c591c0;  1 drivers
v0x1c517e0_0 .net "p8", 0 0, L_0x1c595a0;  1 drivers
v0x1c518a0_0 .net "syndrome", 3 0, L_0x1c59bd0;  1 drivers
E_0x1c1edf0 .event anyedge, v0x1c51340_0;
L_0x1c57150 .part L_0x1c59d60, 0, 1;
L_0x1c57630 .part L_0x1c59d60, 2, 1;
L_0x1c577c0 .part L_0x1c59d60, 4, 1;
L_0x1c57970 .part L_0x1c59d60, 6, 1;
L_0x1c57b60 .part L_0x1c59d60, 8, 1;
L_0x1c57d10 .part L_0x1c59d60, 10, 1;
L_0x1c57ec0 .part L_0x1c59d60, 1, 1;
L_0x1c57f60 .part L_0x1c59d60, 2, 1;
L_0x1c58220 .part L_0x1c59d60, 5, 1;
L_0x1c583d0 .part L_0x1c59d60, 6, 1;
L_0x1c585d0 .part L_0x1c59d60, 9, 1;
L_0x1c58780 .part L_0x1c59d60, 10, 1;
L_0x1c589a0 .part L_0x1c59d60, 3, 1;
L_0x1c58a40 .part L_0x1c59d60, 4, 1;
L_0x1c58bb0 .part L_0x1c59d60, 5, 1;
L_0x1c58dd0 .part L_0x1c59d60, 6, 1;
L_0x1c59120 .part L_0x1c59d60, 11, 1;
L_0x1c592d0 .part L_0x1c59d60, 7, 1;
L_0x1c59410 .part L_0x1c59d60, 8, 1;
L_0x1c59500 .part L_0x1c59d60, 9, 1;
L_0x1c59780 .part L_0x1c59d60, 10, 1;
L_0x1c59930 .part L_0x1c59d60, 11, 1;
L_0x1c59bd0 .concat [ 1 1 1 1], L_0x1c57db0, L_0x1c58890, L_0x1c591c0, L_0x1c595a0;
S_0x1c51a00 .scope module, "encoder" "HammingEncoder" 4 70, 4 3 0, S_0x1c0dfb0;
 .timescale 0 0;
    .port_info 0 /INPUT 8 "data_in";
    .port_info 1 /OUTPUT 12 "encoded_data";
L_0x1c55330 .functor XOR 1, L_0x1c55100, L_0x1c551d0, C4<0>, C4<0>;
L_0x1c554c0 .functor XOR 1, L_0x1c55330, L_0x1c55420, C4<0>, C4<0>;
L_0x1c55670 .functor XOR 1, L_0x1c554c0, L_0x1c555d0, C4<0>, C4<0>;
L_0x1c55850 .functor XOR 1, L_0x1c55670, L_0x1c557b0, C4<0>, C4<0>;
L_0x1c552a0 .functor XOR 1, L_0x1c55960, L_0x1c55b10, C4<0>, C4<0>;
L_0x1c55d40 .functor XOR 1, L_0x1c552a0, L_0x1c55c50, C4<0>, C4<0>;
L_0x1c55ef0 .functor XOR 1, L_0x1c55d40, L_0x1c55e50, C4<0>, C4<0>;
L_0x1c56100 .functor XOR 1, L_0x1c55ef0, L_0x1c56000, C4<0>, C4<0>;
L_0x1c563c0 .functor XOR 1, L_0x1c56210, L_0x1c562b0, C4<0>, C4<0>;
L_0x1c56570 .functor XOR 1, L_0x1c563c0, L_0x1c564d0, C4<0>, C4<0>;
L_0x1c56350 .functor XOR 1, L_0x1c56570, L_0x1c56680, C4<0>, C4<0>;
L_0x1c56b00 .functor XOR 1, L_0x1c56930, L_0x1c569d0, C4<0>, C4<0>;
L_0x1c56d20 .functor XOR 1, L_0x1c56b00, L_0x1c56c80, C4<0>, C4<0>;
L_0x1c56a70 .functor XOR 1, L_0x1c56d20, L_0x1c56e30, C4<0>, C4<0>;
v0x1c51bf0_0 .net *"_ivl_1", 0 0, L_0x1c55100;  1 drivers
v0x1c51cf0_0 .net *"_ivl_11", 0 0, L_0x1c555d0;  1 drivers
v0x1c51dd0_0 .net *"_ivl_12", 0 0, L_0x1c55670;  1 drivers
v0x1c51e90_0 .net *"_ivl_15", 0 0, L_0x1c557b0;  1 drivers
v0x1c51f70_0 .net *"_ivl_19", 0 0, L_0x1c55960;  1 drivers
v0x1c520a0_0 .net *"_ivl_21", 0 0, L_0x1c55b10;  1 drivers
v0x1c52180_0 .net *"_ivl_22", 0 0, L_0x1c552a0;  1 drivers
v0x1c52260_0 .net *"_ivl_25", 0 0, L_0x1c55c50;  1 drivers
v0x1c52340_0 .net *"_ivl_26", 0 0, L_0x1c55d40;  1 drivers
v0x1c524b0_0 .net *"_ivl_29", 0 0, L_0x1c55e50;  1 drivers
v0x1c52590_0 .net *"_ivl_3", 0 0, L_0x1c551d0;  1 drivers
v0x1c52670_0 .net *"_ivl_30", 0 0, L_0x1c55ef0;  1 drivers
v0x1c52750_0 .net *"_ivl_33", 0 0, L_0x1c56000;  1 drivers
v0x1c52830_0 .net *"_ivl_37", 0 0, L_0x1c56210;  1 drivers
v0x1c52910_0 .net *"_ivl_39", 0 0, L_0x1c562b0;  1 drivers
v0x1c529f0_0 .net *"_ivl_4", 0 0, L_0x1c55330;  1 drivers
v0x1c52ad0_0 .net *"_ivl_40", 0 0, L_0x1c563c0;  1 drivers
v0x1c52c80_0 .net *"_ivl_43", 0 0, L_0x1c564d0;  1 drivers
v0x1c52d20_0 .net *"_ivl_44", 0 0, L_0x1c56570;  1 drivers
v0x1c52e00_0 .net *"_ivl_47", 0 0, L_0x1c56680;  1 drivers
v0x1c52ee0_0 .net *"_ivl_51", 0 0, L_0x1c56930;  1 drivers
v0x1c52fc0_0 .net *"_ivl_53", 0 0, L_0x1c569d0;  1 drivers
v0x1c530a0_0 .net *"_ivl_54", 0 0, L_0x1c56b00;  1 drivers
v0x1c53180_0 .net *"_ivl_57", 0 0, L_0x1c56c80;  1 drivers
v0x1c53260_0 .net *"_ivl_58", 0 0, L_0x1c56d20;  1 drivers
v0x1c53340_0 .net *"_ivl_61", 0 0, L_0x1c56e30;  1 drivers
v0x1c53420_0 .net *"_ivl_65", 3 0, L_0x1c57010;  1 drivers
v0x1c53500_0 .net *"_ivl_67", 2 0, L_0x1c570b0;  1 drivers
v0x1c535e0_0 .net *"_ivl_69", 0 0, L_0x1c56ed0;  1 drivers
v0x1c536c0_0 .net *"_ivl_7", 0 0, L_0x1c55420;  1 drivers
v0x1c537a0_0 .net *"_ivl_8", 0 0, L_0x1c554c0;  1 drivers
v0x1c53880_0 .net "data_in", 7 0, v0x1c54c30_0;  alias, 1 drivers
v0x1c53960_0 .net "encoded_data", 11 0, L_0x1c57200;  alias, 1 drivers
v0x1c52bb0_0 .net "p1", 0 0, L_0x1c55850;  1 drivers
v0x1c53c10_0 .net "p2", 0 0, L_0x1c56100;  1 drivers
v0x1c53cd0_0 .net "p4", 0 0, L_0x1c56350;  1 drivers
v0x1c53d90_0 .net "p8", 0 0, L_0x1c56a70;  1 drivers
L_0x1c55100 .part v0x1c54c30_0, 0, 1;
L_0x1c551d0 .part v0x1c54c30_0, 1, 1;
L_0x1c55420 .part v0x1c54c30_0, 3, 1;
L_0x1c555d0 .part v0x1c54c30_0, 4, 1;
L_0x1c557b0 .part v0x1c54c30_0, 6, 1;
L_0x1c55960 .part v0x1c54c30_0, 0, 1;
L_0x1c55b10 .part v0x1c54c30_0, 2, 1;
L_0x1c55c50 .part v0x1c54c30_0, 3, 1;
L_0x1c55e50 .part v0x1c54c30_0, 5, 1;
L_0x1c56000 .part v0x1c54c30_0, 6, 1;
L_0x1c56210 .part v0x1c54c30_0, 1, 1;
L_0x1c562b0 .part v0x1c54c30_0, 2, 1;
L_0x1c564d0 .part v0x1c54c30_0, 3, 1;
L_0x1c56680 .part v0x1c54c30_0, 7, 1;
L_0x1c56930 .part v0x1c54c30_0, 4, 1;
L_0x1c569d0 .part v0x1c54c30_0, 5, 1;
L_0x1c56c80 .part v0x1c54c30_0, 6, 1;
L_0x1c56e30 .part v0x1c54c30_0, 7, 1;
L_0x1c57010 .part v0x1c54c30_0, 4, 4;
L_0x1c570b0 .part v0x1c54c30_0, 1, 3;
L_0x1c56ed0 .part v0x1c54c30_0, 0, 1;
LS_0x1c57200_0_0 .concat [ 1 1 1 3], L_0x1c55850, L_0x1c56ed0, L_0x1c56100, L_0x1c570b0;
LS_0x1c57200_0_4 .concat [ 1 4 1 0], L_0x1c56350, L_0x1c57010, L_0x1c56a70;
L_0x1c57200 .concat [ 6 6 0 0], LS_0x1c57200_0_0, LS_0x1c57200_0_4;
    .scope S_0x1c0c090;
T_0 ;
    %wait E_0x1c1edf0;
    %load/vec4 v0x1c518a0_0;
    %cmpi/e 0, 0, 4;
    %jmp/0xz  T_0.0, 4;
    %pushi/vec4 0, 0, 1;
    %store/vec4 v0x1c514e0_0, 0, 1;
    %pushi/vec4 0, 0, 1;
    %store/vec4 v0x1c51420_0, 0, 1;
    %load/vec4 v0x1c51340_0;
    %parti/s 8, 3, 3;
    %store/vec4 v0x1c51260_0, 0, 8;
    %jmp T_0.1;
T_0.0 ;
    %pushi/vec4 1, 0, 1;
    %store/vec4 v0x1c514e0_0, 0, 1;
    %pushi/vec4 1, 0, 1;
    %store/vec4 v0x1c51420_0, 0, 1;
    %load/vec4 v0x1c51340_0;
    %parti/s 8, 3, 3;
    %pushi/vec4 1, 0, 8;
    %load/vec4 v0x1c518a0_0;
    %pad/u 32;
    %subi 1, 0, 32;
    %ix/vec4 4;
    %shiftl 4;
    %xor;
    %store/vec4 v0x1c51260_0, 0, 8;
T_0.1 ;
    %jmp T_0;
    .thread T_0, $push;
    .scope S_0x1c0dfb0;
T_1 ;
    %wait E_0x1c1ee60;
    %load/vec4 v0x1c54520_0;
    %load/vec4 v0x1c54070_0;
    %pad/u 6;
    %ix/vec4 4;
    %store/vec4a v0x1c547c0, 4, 0;
    %jmp T_1;
    .thread T_1;
    .scope S_0x1c0f2b0;
T_2 ;
    %pushi/vec4 170, 0, 8;
    %store/vec4 v0x1c54c30_0, 0, 8;
    %pushi/vec4 0, 0, 4;
    %store/vec4 v0x1c54b20_0, 0, 4;
    %pushi/vec4 0, 0, 1;
    %store/vec4 v0x1c55030_0, 0, 1;
    %pushi/vec4 0, 0, 1;
    %store/vec4 v0x1c54f60_0, 0, 1;
    %delay 5, 0;
    %pushi/vec4 1, 0, 1;
    %store/vec4 v0x1c55030_0, 0, 1;
    %delay 5, 0;
    %pushi/vec4 0, 0, 1;
    %store/vec4 v0x1c55030_0, 0, 1;
    %delay 5, 0;
    %pushi/vec4 0, 0, 4;
    %store/vec4 v0x1c54b20_0, 0, 4;
    %delay 5, 0;
    %pushi/vec4 1, 0, 1;
    %store/vec4 v0x1c54f60_0, 0, 1;
    %delay 5, 0;
    %pushi/vec4 0, 0, 1;
    %store/vec4 v0x1c54f60_0, 0, 1;
    %delay 5, 0;
    %pushi/vec4 2734, 0, 12;
    %load/vec4 v0x1c54b20_0;
    %pad/u 6;
    %ix/vec4 4;
    %store/vec4a v0x1c547c0, 4, 0;
    %delay 5, 0;
    %pushi/vec4 1, 0, 1;
    %store/vec4 v0x1c54f60_0, 0, 1;
    %delay 5, 0;
    %pushi/vec4 0, 0, 1;
    %store/vec4 v0x1c54f60_0, 0, 1;
    %delay 5, 0;
    %vpi_call/w 3 44 "$finish" {0 0 0};
    %end;
    .thread T_2;
    .scope S_0x1c0f2b0;
T_3 ;
    %vpi_call/w 3 49 "$monitor", "At time %t, data_in = %b, data_out = %b, error_detected = %b, error_corrected = %b", $time, v0x1c54c30_0, v0x1c54cd0_0, v0x1c54e70_0, v0x1c54da0_0 {0 0 0};
    %end;
    .thread T_3;
    .scope S_0x1c0f2b0;
T_4 ;
    %vpi_call/w 3 55 "$dumpfile", "simulation.vcd" {0 0 0};
    %vpi_call/w 3 56 "$dumpvars", 32'sb00000000000000000000000000000000, S_0x1c0f2b0 {0 0 0};
    %end;
    .thread T_4;
# The file index is used to find the file name in the following table.
:file_names 5;
    "N/A";
    "<interactive>";
    "-";
    "testbench.sv";
    "design.sv";
